<?xml version="1.0" encoding="UTF-8"?>
<testng-results skipped="1" failed="0" ignored="0" total="4" passed="3">
  <reporter-output>
  </reporter-output>
  <suite name="Default suite" duration-ms="65" started-at="2023-10-30T06:25:43Z" finished-at="2023-10-30T06:25:43Z">
    <groups>
    </groups>
    <test name="Default test" duration-ms="65" started-at="2023-10-30T06:25:43Z" finished-at="2023-10-30T06:25:43Z">
      <class name="annotation.Annotations">
        <test-method status="PASS" signature="befores()[pri:0, instance:annotation.Annotations@2a2d45ba]" name="befores" is-config="true" duration-ms="16" started-at="2023-10-30T06:25:43Z" finished-at="2023-10-30T06:25:43Z">
          <reporter-output>
          </reporter-output>
        </test-method> <!-- befores -->
        <test-method status="PASS" signature="BrowserCompatability()[pri:0, instance:annotation.Annotations@2a2d45ba]" name="BrowserCompatability" is-config="true" duration-ms="1" started-at="2023-10-30T06:25:43Z" finished-at="2023-10-30T06:25:43Z">
          <reporter-output>
          </reporter-output>
        </test-method> <!-- BrowserCompatability -->
        <test-method status="PASS" signature="instalization()[pri:0, instance:annotation.Annotations@2a2d45ba]" name="instalization" is-config="true" duration-ms="1" started-at="2023-10-30T06:25:43Z" finished-at="2023-10-30T06:25:43Z">
          <reporter-output>
          </reporter-output>
        </test-method> <!-- instalization -->
        <test-method status="SKIP" signature="Enhancementcase()[pri:0, instance:annotation.Annotations@2a2d45ba]" name="Enhancementcase" duration-ms="10" started-at="2023-10-30T06:25:43Z" finished-at="2023-10-30T06:25:43Z">
          <exception class="org.testng.SkipException">
            <message>
              <![CDATA[Enhancement Phase]]>
            </message>
            <full-stacktrace>
              <![CDATA[org.testng.SkipException: Enhancement Phase
at annotation.Annotations.Enhancementcase(Annotations.java:62)
at sun.reflect.NativeMethodAccessorImpl.invoke0(Native Method)
at sun.reflect.NativeMethodAccessorImpl.invoke(Unknown Source)
at sun.reflect.DelegatingMethodAccessorImpl.invoke(Unknown Source)
at java.lang.reflect.Method.invoke(Unknown Source)
at org.testng.internal.MethodInvocationHelper.invokeMethod(MethodInvocationHelper.java:124)
at org.testng.internal.Invoker.invokeMethod(Invoker.java:583)
at org.testng.internal.Invoker.invokeTestMethod(Invoker.java:719)
at org.testng.internal.Invoker.invokeTestMethods(Invoker.java:989)
at org.testng.internal.TestMethodWorker.invokeTestMethods(TestMethodWorker.java:125)
at org.testng.internal.TestMethodWorker.run(TestMethodWorker.java:109)
at org.testng.TestRunner.privateRun(TestRunner.java:648)
at org.testng.TestRunner.run(TestRunner.java:505)
at org.testng.SuiteRunner.runTest(SuiteRunner.java:455)
at org.testng.SuiteRunner.runSequentially(SuiteRunner.java:450)
at org.testng.SuiteRunner.privateRun(SuiteRunner.java:415)
at org.testng.SuiteRunner.run(SuiteRunner.java:364)
at org.testng.SuiteRunnerWorker.runSuite(SuiteRunnerWorker.java:52)
at org.testng.SuiteRunnerWorker.run(SuiteRunnerWorker.java:84)
at org.testng.TestNG.runSuitesSequentially(TestNG.java:1208)
at org.testng.TestNG.runSuitesLocally(TestNG.java:1137)
at org.testng.TestNG.runSuites(TestNG.java:1049)
at org.testng.TestNG.run(TestNG.java:1017)
at org.testng.remote.AbstractRemoteTestNG.run(AbstractRemoteTestNG.java:114)
at org.testng.remote.RemoteTestNG.initAndRun(RemoteTestNG.java:251)
at org.testng.remote.RemoteTestNG.main(RemoteTestNG.java:77)
]]>
            </full-stacktrace>
          </exception> <!-- org.testng.SkipException -->
          <reporter-output>
          </reporter-output>
        </test-method> <!-- Enhancementcase -->
        <test-method status="PASS" signature="aftermethod()[pri:0, instance:annotation.Annotations@2a2d45ba]" name="aftermethod" is-config="true" duration-ms="0" started-at="2023-10-30T06:25:43Z" finished-at="2023-10-30T06:25:43Z">
          <reporter-output>
          </reporter-output>
        </test-method> <!-- aftermethod -->
        <test-method status="PASS" signature="instalization()[pri:0, instance:annotation.Annotations@2a2d45ba]" name="instalization" is-config="true" duration-ms="1" started-at="2023-10-30T06:25:43Z" finished-at="2023-10-30T06:25:43Z">
          <reporter-output>
          </reporter-output>
        </test-method> <!-- instalization -->
        <test-method status="PASS" signature="login()[pri:0, instance:annotation.Annotations@2a2d45ba]" name="login" duration-ms="3" started-at="2023-10-30T06:25:43Z" finished-at="2023-10-30T06:25:43Z">
          <reporter-output>
          </reporter-output>
        </test-method> <!-- login -->
        <test-method status="PASS" signature="aftermethod()[pri:0, instance:annotation.Annotations@2a2d45ba]" name="aftermethod" is-config="true" duration-ms="1" started-at="2023-10-30T06:25:43Z" finished-at="2023-10-30T06:25:43Z">
          <reporter-output>
          </reporter-output>
        </test-method> <!-- aftermethod -->
        <test-method status="PASS" signature="instalization()[pri:0, instance:annotation.Annotations@2a2d45ba]" name="instalization" is-config="true" duration-ms="1" started-at="2023-10-30T06:25:43Z" finished-at="2023-10-30T06:25:43Z">
          <reporter-output>
          </reporter-output>
        </test-method> <!-- instalization -->
        <test-method status="PASS" signature="signup()[pri:0, instance:annotation.Annotations@2a2d45ba]" name="signup" duration-ms="2" started-at="2023-10-30T06:25:43Z" finished-at="2023-10-30T06:25:43Z">
          <reporter-output>
          </reporter-output>
        </test-method> <!-- signup -->
        <test-method status="PASS" signature="aftermethod()[pri:0, instance:annotation.Annotations@2a2d45ba]" name="aftermethod" is-config="true" duration-ms="1" started-at="2023-10-30T06:25:43Z" finished-at="2023-10-30T06:25:43Z">
          <reporter-output>
          </reporter-output>
        </test-method> <!-- aftermethod -->
        <test-method status="PASS" signature="instalization()[pri:0, instance:annotation.Annotations@2a2d45ba]" name="instalization" is-config="true" duration-ms="0" started-at="2023-10-30T06:25:43Z" finished-at="2023-10-30T06:25:43Z">
          <reporter-output>
          </reporter-output>
        </test-method> <!-- instalization -->
        <test-method status="PASS" signature="sigout()[pri:0, instance:annotation.Annotations@2a2d45ba]" name="sigout" duration-ms="1" started-at="2023-10-30T06:25:43Z" finished-at="2023-10-30T06:25:43Z">
          <reporter-output>
          </reporter-output>
        </test-method> <!-- sigout -->
        <test-method status="PASS" signature="aftermethod()[pri:0, instance:annotation.Annotations@2a2d45ba]" name="aftermethod" is-config="true" duration-ms="0" started-at="2023-10-30T06:25:43Z" finished-at="2023-10-30T06:25:43Z">
          <reporter-output>
          </reporter-output>
        </test-method> <!-- aftermethod -->
        <test-method status="PASS" signature="BrowserCompatabilityterminets()[pri:0, instance:annotation.Annotations@2a2d45ba]" name="BrowserCompatabilityterminets" is-config="true" duration-ms="1" started-at="2023-10-30T06:25:43Z" finished-at="2023-10-30T06:25:43Z">
          <reporter-output>
          </reporter-output>
        </test-method> <!-- BrowserCompatabilityterminets -->
        <test-method status="PASS" signature="aftersuit()[pri:0, instance:annotation.Annotations@2a2d45ba]" name="aftersuit" is-config="true" duration-ms="1" started-at="2023-10-30T06:25:43Z" finished-at="2023-10-30T06:25:43Z">
          <reporter-output>
          </reporter-output>
        </test-method> <!-- aftersuit -->
      </class> <!-- annotation.Annotations -->
    </test> <!-- Default test -->
  </suite> <!-- Default suite -->
</testng-results>
