<?xml version="1.0" encoding="UTF-8"?>
<!-- Generated by org.testng.reporters.JUnitXMLReporter -->
<testsuite hostname="DESKTOP-Venky" ignored="0" name="Default test" tests="4" failures="0" timestamp="30 Oct 2023 06:25:43 GMT" time="0.065" errors="0">
  <testcase name="Enhancementcase" time="0.01" classname="annotation.Annotations">
    <skipped/>
  </testcase> <!-- Enhancementcase -->
  <testcase name="login" time="0.003" classname="annotation.Annotations"/>
  <testcase name="signup" time="0.002" classname="annotation.Annotations"/>
  <testcase name="sigout" time="0.001" classname="annotation.Annotations"/>
</testsuite> <!-- Default test -->
